"pkg-config --exists openssl"
| pkg-config --libs openssl
=> "-L/Users/romanciobanu/homebrew/Cellar/openssl@3/3.2.0/lib -lssl -lcrypto\n"
"gcc -o conftest -I/Users/romanciobanu/.rvm/rubies/ruby-2.5.9/include/ruby-2.5.0/-darwin22 -I/Users/romanciobanu/.rvm/rubies/ruby-2.5.9/include/ruby-2.5.0/ruby/backward -I/Users/romanciobanu/.rvm/rubies/ruby-2.5.9/include/ruby-2.5.0 -I. -I/Users/romanciobanu/homebrew/opt/postgresql@10/include -I/Users/romanciobanu/homebrew/opt/libyaml/include -I/Users/romanciobanu/homebrew/opt/libksba/include -I/Users/romanciobanu/homebrew/opt/readline/include -I/Users/romanciobanu/homebrew/opt/zlib/include -I/Users/romanciobanu/homebrew/opt/openssl@1.1/include -D_XOPEN_SOURCE -D_DARWIN_C_SOURCE -D_DARWIN_UNLIMITED_SELECT -D_REENTRANT   -Wno-error=implicit-function-declaration conftest.c  -L. -L/Users/romanciobanu/.rvm/rubies/ruby-2.5.9/lib -L/Users/romanciobanu/homebrew/opt/libyaml/lib -L/Users/romanciobanu/homebrew/opt/libksba/lib -L/Users/romanciobanu/homebrew/opt/readline/lib -L/Users/romanciobanu/homebrew/opt/zlib/lib -L/Users/romanciobanu/homebrew/opt/openssl@1.1/lib -L. -L/Users/romanciobanu/homebrew/opt/postgresql@10/lib -fstack-protector -L/Users/romanciobanu/homebrew/opt/libyaml/lib -L/Users/romanciobanu/homebrew/opt/libksba/lib -L/Users/romanciobanu/homebrew/opt/readline/lib -L/Users/romanciobanu/homebrew/opt/zlib/lib -L/Users/romanciobanu/homebrew/opt/openssl@1.1/lib     -lruby.2.5.9  -lpthread -ldl -lobjc "
checked program was:
/* begin */
1: #include "ruby.h"
2: 
3: int main(int argc, char **argv)
4: {
5:   return 0;
6: }
/* end */

"gcc -o conftest -I/Users/romanciobanu/.rvm/rubies/ruby-2.5.9/include/ruby-2.5.0/-darwin22 -I/Users/romanciobanu/.rvm/rubies/ruby-2.5.9/include/ruby-2.5.0/ruby/backward -I/Users/romanciobanu/.rvm/rubies/ruby-2.5.9/include/ruby-2.5.0 -I. -I/Users/romanciobanu/homebrew/opt/postgresql@10/include -I/Users/romanciobanu/homebrew/opt/libyaml/include -I/Users/romanciobanu/homebrew/opt/libksba/include -I/Users/romanciobanu/homebrew/opt/readline/include -I/Users/romanciobanu/homebrew/opt/zlib/include -I/Users/romanciobanu/homebrew/opt/openssl@1.1/include -D_XOPEN_SOURCE -D_DARWIN_C_SOURCE -D_DARWIN_UNLIMITED_SELECT -D_REENTRANT   -Wno-error=implicit-function-declaration conftest.c  -L. -L/Users/romanciobanu/.rvm/rubies/ruby-2.5.9/lib -L/Users/romanciobanu/homebrew/opt/libyaml/lib -L/Users/romanciobanu/homebrew/opt/libksba/lib -L/Users/romanciobanu/homebrew/opt/readline/lib -L/Users/romanciobanu/homebrew/opt/zlib/lib -L/Users/romanciobanu/homebrew/opt/openssl@1.1/lib -L. -L/Users/romanciobanu/homebrew/opt/postgresql@10/lib -fstack-protector -L/Users/romanciobanu/homebrew/opt/libyaml/lib -L/Users/romanciobanu/homebrew/opt/libksba/lib -L/Users/romanciobanu/homebrew/opt/readline/lib -L/Users/romanciobanu/homebrew/opt/zlib/lib -L/Users/romanciobanu/homebrew/opt/openssl@1.1/lib     -lruby.2.5.9 -L/Users/romanciobanu/homebrew/Cellar/openssl@3/3.2.0/lib -lssl -lcrypto -lpthread -ldl -lobjc "
checked program was:
/* begin */
1: #include "ruby.h"
2: 
3: int main(int argc, char **argv)
4: {
5:   return 0;
6: }
/* end */

| pkg-config --cflags-only-I openssl
=> "-I/Users/romanciobanu/homebrew/Cellar/openssl@3/3.2.0/include\n"
| pkg-config --cflags-only-other openssl
=> "\n"
| pkg-config --libs-only-l openssl
=> "-lssl -lcrypto\n"
package configuration for openssl
cflags: 
ldflags: -L/Users/romanciobanu/homebrew/Cellar/openssl@3/3.2.0/lib
libs: -lssl -lcrypto

have_header: checking for openssl/bio.h... -------------------- yes

"gcc -E -I/Users/romanciobanu/.rvm/rubies/ruby-2.5.9/include/ruby-2.5.0/-darwin22 -I/Users/romanciobanu/.rvm/rubies/ruby-2.5.9/include/ruby-2.5.0/ruby/backward -I/Users/romanciobanu/.rvm/rubies/ruby-2.5.9/include/ruby-2.5.0 -I. -I/Users/romanciobanu/homebrew/Cellar/openssl@3/3.2.0/include -I/Users/romanciobanu/homebrew/opt/postgresql@10/include -I/Users/romanciobanu/homebrew/opt/libyaml/include -I/Users/romanciobanu/homebrew/opt/libksba/include -I/Users/romanciobanu/homebrew/opt/readline/include -I/Users/romanciobanu/homebrew/opt/zlib/include -I/Users/romanciobanu/homebrew/opt/openssl@1.1/include -D_XOPEN_SOURCE -D_DARWIN_C_SOURCE -D_DARWIN_UNLIMITED_SELECT -D_REENTRANT   -Wno-error=implicit-function-declaration   conftest.c -o conftest.i"
checked program was:
/* begin */
1: #include "ruby.h"
2: 
3: #include <openssl/bio.h>
/* end */

--------------------

have_func: checking for DTLS_method() in openssl/ssl.h... -------------------- yes

"gcc -o conftest -I/Users/romanciobanu/.rvm/rubies/ruby-2.5.9/include/ruby-2.5.0/-darwin22 -I/Users/romanciobanu/.rvm/rubies/ruby-2.5.9/include/ruby-2.5.0/ruby/backward -I/Users/romanciobanu/.rvm/rubies/ruby-2.5.9/include/ruby-2.5.0 -I. -I/Users/romanciobanu/homebrew/Cellar/openssl@3/3.2.0/include -I/Users/romanciobanu/homebrew/opt/postgresql@10/include -I/Users/romanciobanu/homebrew/opt/libyaml/include -I/Users/romanciobanu/homebrew/opt/libksba/include -I/Users/romanciobanu/homebrew/opt/readline/include -I/Users/romanciobanu/homebrew/opt/zlib/include -I/Users/romanciobanu/homebrew/opt/openssl@1.1/include -D_XOPEN_SOURCE -D_DARWIN_C_SOURCE -D_DARWIN_UNLIMITED_SELECT -D_REENTRANT   -Wno-error=implicit-function-declaration  conftest.c  -L. -L/Users/romanciobanu/.rvm/rubies/ruby-2.5.9/lib -L/Users/romanciobanu/homebrew/opt/libyaml/lib -L/Users/romanciobanu/homebrew/opt/libksba/lib -L/Users/romanciobanu/homebrew/opt/readline/lib -L/Users/romanciobanu/homebrew/opt/zlib/lib -L/Users/romanciobanu/homebrew/opt/openssl@1.1/lib -L. -L/Users/romanciobanu/homebrew/opt/postgresql@10/lib -fstack-protector -L/Users/romanciobanu/homebrew/opt/libyaml/lib -L/Users/romanciobanu/homebrew/opt/libksba/lib -L/Users/romanciobanu/homebrew/opt/readline/lib -L/Users/romanciobanu/homebrew/opt/zlib/lib -L/Users/romanciobanu/homebrew/opt/openssl@1.1/lib -L/Users/romanciobanu/homebrew/Cellar/openssl@3/3.2.0/lib     -lssl -lcrypto -lruby.2.5.9  -lssl -lcrypto -lpthread -ldl -lobjc "
ld: warning: ignoring duplicate libraries: '-lcrypto', '-lssl'
checked program was:
/* begin */
 1: #include "ruby.h"
 2: 
 3: #include <openssl/ssl.h>
 4: 
 5: /*top*/
 6: extern int t(void);
 7: int main(int argc, char **argv)
 8: {
 9:   if (argc > 1000000) {
10:     printf("%p", &t);
11:   }
12: 
13:   return 0;
14: }
15: int t(void) { void ((*volatile p)()); p = (void ((*)()))DTLS_method; return !p; }
/* end */

--------------------

have_func: checking for TLS_server_method() in openssl/ssl.h... -------------------- yes

"gcc -o conftest -I/Users/romanciobanu/.rvm/rubies/ruby-2.5.9/include/ruby-2.5.0/-darwin22 -I/Users/romanciobanu/.rvm/rubies/ruby-2.5.9/include/ruby-2.5.0/ruby/backward -I/Users/romanciobanu/.rvm/rubies/ruby-2.5.9/include/ruby-2.5.0 -I. -I/Users/romanciobanu/homebrew/Cellar/openssl@3/3.2.0/include -I/Users/romanciobanu/homebrew/opt/postgresql@10/include -I/Users/romanciobanu/homebrew/opt/libyaml/include -I/Users/romanciobanu/homebrew/opt/libksba/include -I/Users/romanciobanu/homebrew/opt/readline/include -I/Users/romanciobanu/homebrew/opt/zlib/include -I/Users/romanciobanu/homebrew/opt/openssl@1.1/include -D_XOPEN_SOURCE -D_DARWIN_C_SOURCE -D_DARWIN_UNLIMITED_SELECT -D_REENTRANT   -Wno-error=implicit-function-declaration  conftest.c  -L. -L/Users/romanciobanu/.rvm/rubies/ruby-2.5.9/lib -L/Users/romanciobanu/homebrew/opt/libyaml/lib -L/Users/romanciobanu/homebrew/opt/libksba/lib -L/Users/romanciobanu/homebrew/opt/readline/lib -L/Users/romanciobanu/homebrew/opt/zlib/lib -L/Users/romanciobanu/homebrew/opt/openssl@1.1/lib -L. -L/Users/romanciobanu/homebrew/opt/postgresql@10/lib -fstack-protector -L/Users/romanciobanu/homebrew/opt/libyaml/lib -L/Users/romanciobanu/homebrew/opt/libksba/lib -L/Users/romanciobanu/homebrew/opt/readline/lib -L/Users/romanciobanu/homebrew/opt/zlib/lib -L/Users/romanciobanu/homebrew/opt/openssl@1.1/lib -L/Users/romanciobanu/homebrew/Cellar/openssl@3/3.2.0/lib     -lssl -lcrypto -lruby.2.5.9  -lssl -lcrypto -lpthread -ldl -lobjc "
ld: warning: ignoring duplicate libraries: '-lcrypto', '-lssl'
checked program was:
/* begin */
 1: #include "ruby.h"
 2: 
 3: #include <openssl/ssl.h>
 4: 
 5: /*top*/
 6: extern int t(void);
 7: int main(int argc, char **argv)
 8: {
 9:   if (argc > 1000000) {
10:     printf("%p", &t);
11:   }
12: 
13:   return 0;
14: }
15: int t(void) { void ((*volatile p)()); p = (void ((*)()))TLS_server_method; return !p; }
/* end */

--------------------

have_func: checking for SSL_CTX_set_min_proto_version(NULL, 0) in openssl/ssl.h... -------------------- yes

"gcc -o conftest -I/Users/romanciobanu/.rvm/rubies/ruby-2.5.9/include/ruby-2.5.0/-darwin22 -I/Users/romanciobanu/.rvm/rubies/ruby-2.5.9/include/ruby-2.5.0/ruby/backward -I/Users/romanciobanu/.rvm/rubies/ruby-2.5.9/include/ruby-2.5.0 -I. -I/Users/romanciobanu/homebrew/Cellar/openssl@3/3.2.0/include -I/Users/romanciobanu/homebrew/opt/postgresql@10/include -I/Users/romanciobanu/homebrew/opt/libyaml/include -I/Users/romanciobanu/homebrew/opt/libksba/include -I/Users/romanciobanu/homebrew/opt/readline/include -I/Users/romanciobanu/homebrew/opt/zlib/include -I/Users/romanciobanu/homebrew/opt/openssl@1.1/include -D_XOPEN_SOURCE -D_DARWIN_C_SOURCE -D_DARWIN_UNLIMITED_SELECT -D_REENTRANT   -Wno-error=implicit-function-declaration  conftest.c  -L. -L/Users/romanciobanu/.rvm/rubies/ruby-2.5.9/lib -L/Users/romanciobanu/homebrew/opt/libyaml/lib -L/Users/romanciobanu/homebrew/opt/libksba/lib -L/Users/romanciobanu/homebrew/opt/readline/lib -L/Users/romanciobanu/homebrew/opt/zlib/lib -L/Users/romanciobanu/homebrew/opt/openssl@1.1/lib -L. -L/Users/romanciobanu/homebrew/opt/postgresql@10/lib -fstack-protector -L/Users/romanciobanu/homebrew/opt/libyaml/lib -L/Users/romanciobanu/homebrew/opt/libksba/lib -L/Users/romanciobanu/homebrew/opt/readline/lib -L/Users/romanciobanu/homebrew/opt/zlib/lib -L/Users/romanciobanu/homebrew/opt/openssl@1.1/lib -L/Users/romanciobanu/homebrew/Cellar/openssl@3/3.2.0/lib     -lssl -lcrypto -lruby.2.5.9  -lssl -lcrypto -lpthread -ldl -lobjc "
ld: warning: ignoring duplicate libraries: '-lcrypto', '-lssl'
checked program was:
/* begin */
 1: #include "ruby.h"
 2: 
 3: #include <openssl/ssl.h>
 4: 
 5: /*top*/
 6: extern int t(void);
 7: int main(int argc, char **argv)
 8: {
 9:   if (argc > 1000000) {
10:     printf("%p", &t);
11:   }
12: 
13:   return 0;
14: }
15: 
16: int t(void) { SSL_CTX_set_min_proto_version(NULL, 0); return 0; }
/* end */

--------------------

have_func: checking for X509_STORE_up_ref()... -------------------- yes

"gcc -o conftest -I/Users/romanciobanu/.rvm/rubies/ruby-2.5.9/include/ruby-2.5.0/-darwin22 -I/Users/romanciobanu/.rvm/rubies/ruby-2.5.9/include/ruby-2.5.0/ruby/backward -I/Users/romanciobanu/.rvm/rubies/ruby-2.5.9/include/ruby-2.5.0 -I. -I/Users/romanciobanu/homebrew/Cellar/openssl@3/3.2.0/include -I/Users/romanciobanu/homebrew/opt/postgresql@10/include -I/Users/romanciobanu/homebrew/opt/libyaml/include -I/Users/romanciobanu/homebrew/opt/libksba/include -I/Users/romanciobanu/homebrew/opt/readline/include -I/Users/romanciobanu/homebrew/opt/zlib/include -I/Users/romanciobanu/homebrew/opt/openssl@1.1/include -D_XOPEN_SOURCE -D_DARWIN_C_SOURCE -D_DARWIN_UNLIMITED_SELECT -D_REENTRANT   -Wno-error=implicit-function-declaration  conftest.c  -L. -L/Users/romanciobanu/.rvm/rubies/ruby-2.5.9/lib -L/Users/romanciobanu/homebrew/opt/libyaml/lib -L/Users/romanciobanu/homebrew/opt/libksba/lib -L/Users/romanciobanu/homebrew/opt/readline/lib -L/Users/romanciobanu/homebrew/opt/zlib/lib -L/Users/romanciobanu/homebrew/opt/openssl@1.1/lib -L. -L/Users/romanciobanu/homebrew/opt/postgresql@10/lib -fstack-protector -L/Users/romanciobanu/homebrew/opt/libyaml/lib -L/Users/romanciobanu/homebrew/opt/libksba/lib -L/Users/romanciobanu/homebrew/opt/readline/lib -L/Users/romanciobanu/homebrew/opt/zlib/lib -L/Users/romanciobanu/homebrew/opt/openssl@1.1/lib -L/Users/romanciobanu/homebrew/Cellar/openssl@3/3.2.0/lib     -lssl -lcrypto -lruby.2.5.9  -lssl -lcrypto -lpthread -ldl -lobjc "
conftest.c:13:57: error: use of undeclared identifier 'X509_STORE_up_ref'
int t(void) { void ((*volatile p)()); p = (void ((*)()))X509_STORE_up_ref; return !p; }
                                                        ^
1 error generated.
checked program was:
/* begin */
 1: #include "ruby.h"
 2: 
 3: /*top*/
 4: extern int t(void);
 5: int main(int argc, char **argv)
 6: {
 7:   if (argc > 1000000) {
 8:     printf("%p", &t);
 9:   }
10: 
11:   return 0;
12: }
13: int t(void) { void ((*volatile p)()); p = (void ((*)()))X509_STORE_up_ref; return !p; }
/* end */

"gcc -o conftest -I/Users/romanciobanu/.rvm/rubies/ruby-2.5.9/include/ruby-2.5.0/-darwin22 -I/Users/romanciobanu/.rvm/rubies/ruby-2.5.9/include/ruby-2.5.0/ruby/backward -I/Users/romanciobanu/.rvm/rubies/ruby-2.5.9/include/ruby-2.5.0 -I. -I/Users/romanciobanu/homebrew/Cellar/openssl@3/3.2.0/include -I/Users/romanciobanu/homebrew/opt/postgresql@10/include -I/Users/romanciobanu/homebrew/opt/libyaml/include -I/Users/romanciobanu/homebrew/opt/libksba/include -I/Users/romanciobanu/homebrew/opt/readline/include -I/Users/romanciobanu/homebrew/opt/zlib/include -I/Users/romanciobanu/homebrew/opt/openssl@1.1/include -D_XOPEN_SOURCE -D_DARWIN_C_SOURCE -D_DARWIN_UNLIMITED_SELECT -D_REENTRANT   -Wno-error=implicit-function-declaration  conftest.c  -L. -L/Users/romanciobanu/.rvm/rubies/ruby-2.5.9/lib -L/Users/romanciobanu/homebrew/opt/libyaml/lib -L/Users/romanciobanu/homebrew/opt/libksba/lib -L/Users/romanciobanu/homebrew/opt/readline/lib -L/Users/romanciobanu/homebrew/opt/zlib/lib -L/Users/romanciobanu/homebrew/opt/openssl@1.1/lib -L. -L/Users/romanciobanu/homebrew/opt/postgresql@10/lib -fstack-protector -L/Users/romanciobanu/homebrew/opt/libyaml/lib -L/Users/romanciobanu/homebrew/opt/libksba/lib -L/Users/romanciobanu/homebrew/opt/readline/lib -L/Users/romanciobanu/homebrew/opt/zlib/lib -L/Users/romanciobanu/homebrew/opt/openssl@1.1/lib -L/Users/romanciobanu/homebrew/Cellar/openssl@3/3.2.0/lib     -lssl -lcrypto -lruby.2.5.9  -lssl -lcrypto -lpthread -ldl -lobjc "
ld: warning: ignoring duplicate libraries: '-lcrypto', '-lssl'
checked program was:
/* begin */
 1: #include "ruby.h"
 2: 
 3: /*top*/
 4: extern int t(void);
 5: int main(int argc, char **argv)
 6: {
 7:   if (argc > 1000000) {
 8:     printf("%p", &t);
 9:   }
10: 
11:   return 0;
12: }
13: extern void X509_STORE_up_ref();
14: int t(void) { X509_STORE_up_ref(); return 0; }
/* end */

--------------------

have_func: checking for SSL_CTX_set_ecdh_auto(NULL, 0) in openssl/ssl.h... -------------------- yes

"gcc -o conftest -I/Users/romanciobanu/.rvm/rubies/ruby-2.5.9/include/ruby-2.5.0/-darwin22 -I/Users/romanciobanu/.rvm/rubies/ruby-2.5.9/include/ruby-2.5.0/ruby/backward -I/Users/romanciobanu/.rvm/rubies/ruby-2.5.9/include/ruby-2.5.0 -I. -I/Users/romanciobanu/homebrew/Cellar/openssl@3/3.2.0/include -I/Users/romanciobanu/homebrew/opt/postgresql@10/include -I/Users/romanciobanu/homebrew/opt/libyaml/include -I/Users/romanciobanu/homebrew/opt/libksba/include -I/Users/romanciobanu/homebrew/opt/readline/include -I/Users/romanciobanu/homebrew/opt/zlib/include -I/Users/romanciobanu/homebrew/opt/openssl@1.1/include -D_XOPEN_SOURCE -D_DARWIN_C_SOURCE -D_DARWIN_UNLIMITED_SELECT -D_REENTRANT   -Wno-error=implicit-function-declaration  conftest.c  -L. -L/Users/romanciobanu/.rvm/rubies/ruby-2.5.9/lib -L/Users/romanciobanu/homebrew/opt/libyaml/lib -L/Users/romanciobanu/homebrew/opt/libksba/lib -L/Users/romanciobanu/homebrew/opt/readline/lib -L/Users/romanciobanu/homebrew/opt/zlib/lib -L/Users/romanciobanu/homebrew/opt/openssl@1.1/lib -L. -L/Users/romanciobanu/homebrew/opt/postgresql@10/lib -fstack-protector -L/Users/romanciobanu/homebrew/opt/libyaml/lib -L/Users/romanciobanu/homebrew/opt/libksba/lib -L/Users/romanciobanu/homebrew/opt/readline/lib -L/Users/romanciobanu/homebrew/opt/zlib/lib -L/Users/romanciobanu/homebrew/opt/openssl@1.1/lib -L/Users/romanciobanu/homebrew/Cellar/openssl@3/3.2.0/lib     -lssl -lcrypto -lruby.2.5.9  -lssl -lcrypto -lpthread -ldl -lobjc "
ld: warning: ignoring duplicate libraries: '-lcrypto', '-lssl'
checked program was:
/* begin */
 1: #include "ruby.h"
 2: 
 3: #include <openssl/ssl.h>
 4: 
 5: /*top*/
 6: extern int t(void);
 7: int main(int argc, char **argv)
 8: {
 9:   if (argc > 1000000) {
10:     printf("%p", &t);
11:   }
12: 
13:   return 0;
14: }
15: 
16: int t(void) { SSL_CTX_set_ecdh_auto(NULL, 0); return 0; }
/* end */

--------------------

have_func: checking for SSL_CTX_set_dh_auto(NULL, 0) in openssl/ssl.h... -------------------- yes

"gcc -o conftest -I/Users/romanciobanu/.rvm/rubies/ruby-2.5.9/include/ruby-2.5.0/-darwin22 -I/Users/romanciobanu/.rvm/rubies/ruby-2.5.9/include/ruby-2.5.0/ruby/backward -I/Users/romanciobanu/.rvm/rubies/ruby-2.5.9/include/ruby-2.5.0 -I. -I/Users/romanciobanu/homebrew/Cellar/openssl@3/3.2.0/include -I/Users/romanciobanu/homebrew/opt/postgresql@10/include -I/Users/romanciobanu/homebrew/opt/libyaml/include -I/Users/romanciobanu/homebrew/opt/libksba/include -I/Users/romanciobanu/homebrew/opt/readline/include -I/Users/romanciobanu/homebrew/opt/zlib/include -I/Users/romanciobanu/homebrew/opt/openssl@1.1/include -D_XOPEN_SOURCE -D_DARWIN_C_SOURCE -D_DARWIN_UNLIMITED_SELECT -D_REENTRANT   -Wno-error=implicit-function-declaration  conftest.c  -L. -L/Users/romanciobanu/.rvm/rubies/ruby-2.5.9/lib -L/Users/romanciobanu/homebrew/opt/libyaml/lib -L/Users/romanciobanu/homebrew/opt/libksba/lib -L/Users/romanciobanu/homebrew/opt/readline/lib -L/Users/romanciobanu/homebrew/opt/zlib/lib -L/Users/romanciobanu/homebrew/opt/openssl@1.1/lib -L. -L/Users/romanciobanu/homebrew/opt/postgresql@10/lib -fstack-protector -L/Users/romanciobanu/homebrew/opt/libyaml/lib -L/Users/romanciobanu/homebrew/opt/libksba/lib -L/Users/romanciobanu/homebrew/opt/readline/lib -L/Users/romanciobanu/homebrew/opt/zlib/lib -L/Users/romanciobanu/homebrew/opt/openssl@1.1/lib -L/Users/romanciobanu/homebrew/Cellar/openssl@3/3.2.0/lib     -lssl -lcrypto -lruby.2.5.9  -lssl -lcrypto -lpthread -ldl -lobjc "
ld: warning: ignoring duplicate libraries: '-lcrypto', '-lssl'
checked program was:
/* begin */
 1: #include "ruby.h"
 2: 
 3: #include <openssl/ssl.h>
 4: 
 5: /*top*/
 6: extern int t(void);
 7: int main(int argc, char **argv)
 8: {
 9:   if (argc > 1000000) {
10:     printf("%p", &t);
11:   }
12: 
13:   return 0;
14: }
15: 
16: int t(void) { SSL_CTX_set_dh_auto(NULL, 0); return 0; }
/* end */

--------------------

have_func: checking for SSL_get1_peer_certificate() in openssl/ssl.h... -------------------- no

"gcc -o conftest -I/Users/romanciobanu/.rvm/rubies/ruby-2.5.9/include/ruby-2.5.0/-darwin22 -I/Users/romanciobanu/.rvm/rubies/ruby-2.5.9/include/ruby-2.5.0/ruby/backward -I/Users/romanciobanu/.rvm/rubies/ruby-2.5.9/include/ruby-2.5.0 -I. -I/Users/romanciobanu/homebrew/Cellar/openssl@3/3.2.0/include -I/Users/romanciobanu/homebrew/opt/postgresql@10/include -I/Users/romanciobanu/homebrew/opt/libyaml/include -I/Users/romanciobanu/homebrew/opt/libksba/include -I/Users/romanciobanu/homebrew/opt/readline/include -I/Users/romanciobanu/homebrew/opt/zlib/include -I/Users/romanciobanu/homebrew/opt/openssl@1.1/include -D_XOPEN_SOURCE -D_DARWIN_C_SOURCE -D_DARWIN_UNLIMITED_SELECT -D_REENTRANT   -Wno-error=implicit-function-declaration  conftest.c  -L. -L/Users/romanciobanu/.rvm/rubies/ruby-2.5.9/lib -L/Users/romanciobanu/homebrew/opt/libyaml/lib -L/Users/romanciobanu/homebrew/opt/libksba/lib -L/Users/romanciobanu/homebrew/opt/readline/lib -L/Users/romanciobanu/homebrew/opt/zlib/lib -L/Users/romanciobanu/homebrew/opt/openssl@1.1/lib -L. -L/Users/romanciobanu/homebrew/opt/postgresql@10/lib -fstack-protector -L/Users/romanciobanu/homebrew/opt/libyaml/lib -L/Users/romanciobanu/homebrew/opt/libksba/lib -L/Users/romanciobanu/homebrew/opt/readline/lib -L/Users/romanciobanu/homebrew/opt/zlib/lib -L/Users/romanciobanu/homebrew/opt/openssl@1.1/lib -L/Users/romanciobanu/homebrew/Cellar/openssl@3/3.2.0/lib     -lssl -lcrypto -lruby.2.5.9  -lssl -lcrypto -lpthread -ldl -lobjc "
ld: warning: ignoring duplicate libraries: '-lcrypto', '-lssl'
ld: Undefined symbols:
  _SSL_get1_peer_certificate, referenced from:
      _t in conftest-b85ad5.o
clang: error: linker command failed with exit code 1 (use -v to see invocation)
checked program was:
/* begin */
 1: #include "ruby.h"
 2: 
 3: #include <openssl/ssl.h>
 4: 
 5: /*top*/
 6: extern int t(void);
 7: int main(int argc, char **argv)
 8: {
 9:   if (argc > 1000000) {
10:     printf("%p", &t);
11:   }
12: 
13:   return 0;
14: }
15: int t(void) { void ((*volatile p)()); p = (void ((*)()))SSL_get1_peer_certificate; return !p; }
/* end */

"gcc -o conftest -I/Users/romanciobanu/.rvm/rubies/ruby-2.5.9/include/ruby-2.5.0/-darwin22 -I/Users/romanciobanu/.rvm/rubies/ruby-2.5.9/include/ruby-2.5.0/ruby/backward -I/Users/romanciobanu/.rvm/rubies/ruby-2.5.9/include/ruby-2.5.0 -I. -I/Users/romanciobanu/homebrew/Cellar/openssl@3/3.2.0/include -I/Users/romanciobanu/homebrew/opt/postgresql@10/include -I/Users/romanciobanu/homebrew/opt/libyaml/include -I/Users/romanciobanu/homebrew/opt/libksba/include -I/Users/romanciobanu/homebrew/opt/readline/include -I/Users/romanciobanu/homebrew/opt/zlib/include -I/Users/romanciobanu/homebrew/opt/openssl@1.1/include -D_XOPEN_SOURCE -D_DARWIN_C_SOURCE -D_DARWIN_UNLIMITED_SELECT -D_REENTRANT   -Wno-error=implicit-function-declaration  conftest.c  -L. -L/Users/romanciobanu/.rvm/rubies/ruby-2.5.9/lib -L/Users/romanciobanu/homebrew/opt/libyaml/lib -L/Users/romanciobanu/homebrew/opt/libksba/lib -L/Users/romanciobanu/homebrew/opt/readline/lib -L/Users/romanciobanu/homebrew/opt/zlib/lib -L/Users/romanciobanu/homebrew/opt/openssl@1.1/lib -L. -L/Users/romanciobanu/homebrew/opt/postgresql@10/lib -fstack-protector -L/Users/romanciobanu/homebrew/opt/libyaml/lib -L/Users/romanciobanu/homebrew/opt/libksba/lib -L/Users/romanciobanu/homebrew/opt/readline/lib -L/Users/romanciobanu/homebrew/opt/zlib/lib -L/Users/romanciobanu/homebrew/opt/openssl@1.1/lib -L/Users/romanciobanu/homebrew/Cellar/openssl@3/3.2.0/lib     -lssl -lcrypto -lruby.2.5.9  -lssl -lcrypto -lpthread -ldl -lobjc "
conftest.c:15:13: warning: a function declaration without a prototype is deprecated in all versions of C and is treated as a zero-parameter prototype in C2x, conflicting with a previous declaration [-Wdeprecated-non-prototype]
extern void SSL_get1_peer_certificate();
            ^
/Users/romanciobanu/homebrew/Cellar/openssl@3/3.2.0/include/openssl/ssl.h:1821:14: note: conflicting prototype is here
__owur X509 *SSL_get1_peer_certificate(const SSL *s);
             ^
conftest.c:15:13: error: conflicting types for 'SSL_get1_peer_certificate'
extern void SSL_get1_peer_certificate();
            ^
/Users/romanciobanu/homebrew/Cellar/openssl@3/3.2.0/include/openssl/ssl.h:1821:14: note: previous declaration is here
__owur X509 *SSL_get1_peer_certificate(const SSL *s);
             ^
conftest.c:16:41: error: too few arguments to function call, single argument 's' was not specified
int t(void) { SSL_get1_peer_certificate(); return 0; }
              ~~~~~~~~~~~~~~~~~~~~~~~~~ ^
/Users/romanciobanu/homebrew/Cellar/openssl@3/3.2.0/include/openssl/ssl.h:1821:14: note: 'SSL_get1_peer_certificate' declared here
__owur X509 *SSL_get1_peer_certificate(const SSL *s);
             ^
1 warning and 2 errors generated.
checked program was:
/* begin */
 1: #include "ruby.h"
 2: 
 3: #include <openssl/ssl.h>
 4: 
 5: /*top*/
 6: extern int t(void);
 7: int main(int argc, char **argv)
 8: {
 9:   if (argc > 1000000) {
10:     printf("%p", &t);
11:   }
12: 
13:   return 0;
14: }
15: extern void SSL_get1_peer_certificate();
16: int t(void) { SSL_get1_peer_certificate(); return 0; }
/* end */

--------------------

